{"/home/ankit/Codes/redux/src/math.js": {"path":"/home/ankit/Codes/redux/src/math.js","statementMap":{"0":{"start":{"line":1,"column":22},"end":{"line":1,"column":50}},"1":{"start":{"line":1,"column":34},"end":{"line":1,"column":50}}},"fnMap":{"0":{"name":"(anonymous_0)","decl":{"start":{"line":1,"column":22},"end":{"line":1,"column":23}},"loc":{"start":{"line":1,"column":34},"end":{"line":1,"column":50}},"line":1}},"branchMap":{},"s":{"0":1,"1":2},"f":{"0":2},"b":{},"_coverageSchema":"1a1c01bbd47fc00a2c39e90264f33305004495a9","hash":"7fb1a42e594d36865efbd058dedf9e796fa46a4d"}
,"/home/ankit/Codes/redux/src/store/api.js": {"path":"/home/ankit/Codes/redux/src/store/api.js","statementMap":{"0":{"start":{"line":3,"column":28},"end":{"line":3,"column":57}},"1":{"start":{"line":4,"column":30},"end":{"line":4,"column":61}},"2":{"start":{"line":5,"column":29},"end":{"line":5,"column":59}}},"fnMap":{},"branchMap":{},"s":{"0":1,"1":1,"2":1},"f":{},"b":{},"_coverageSchema":"1a1c01bbd47fc00a2c39e90264f33305004495a9","hash":"5008f560df1ae2167c9c9b3ad2277c33226143a2"}
,"/home/ankit/Codes/redux/src/store/bugs.js": {"path":"/home/ankit/Codes/redux/src/store/bugs.js","statementMap":{"0":{"start":{"line":6,"column":13},"end":{"line":6,"column":14}},"1":{"start":{"line":8,"column":14},"end":{"line":52,"column":2}},"2":{"start":{"line":17,"column":6},"end":{"line":17,"column":26}},"3":{"start":{"line":20,"column":6},"end":{"line":20,"column":27}},"4":{"start":{"line":23,"column":6},"end":{"line":23,"column":33}},"5":{"start":{"line":24,"column":6},"end":{"line":24,"column":27}},"6":{"start":{"line":25,"column":6},"end":{"line":25,"column":34}},"7":{"start":{"line":28,"column":6},"end":{"line":28,"column":37}},"8":{"start":{"line":32,"column":20},"end":{"line":32,"column":73}},"9":{"start":{"line":32,"column":44},"end":{"line":32,"column":72}},"10":{"start":{"line":33,"column":6},"end":{"line":33,"column":33}},"11":{"start":{"line":37,"column":36},"end":{"line":37,"column":50}},"12":{"start":{"line":38,"column":20},"end":{"line":38,"column":66}},"13":{"start":{"line":38,"column":49},"end":{"line":38,"column":65}},"14":{"start":{"line":39,"column":6},"end":{"line":39,"column":39}},"15":{"start":{"line":43,"column":20},"end":{"line":43,"column":78}},"16":{"start":{"line":43,"column":49},"end":{"line":43,"column":77}},"17":{"start":{"line":44,"column":6},"end":{"line":44,"column":39}},"18":{"start":{"line":48,"column":20},"end":{"line":48,"column":78}},"19":{"start":{"line":48,"column":49},"end":{"line":48,"column":77}},"20":{"start":{"line":49,"column":6},"end":{"line":49,"column":38}},"21":{"start":{"line":58,"column":33},"end":{"line":62,"column":1}},"22":{"start":{"line":59,"column":13},"end":{"line":59,"column":32}},"23":{"start":{"line":60,"column":13},"end":{"line":60,"column":36}},"24":{"start":{"line":61,"column":22},"end":{"line":61,"column":62}},"25":{"start":{"line":61,"column":48},"end":{"line":61,"column":61}},"26":{"start":{"line":64,"column":29},"end":{"line":68,"column":3}},"27":{"start":{"line":65,"column":2},"end":{"line":68,"column":3}},"28":{"start":{"line":66,"column":15},"end":{"line":66,"column":34}},"29":{"start":{"line":67,"column":14},"end":{"line":67,"column":57}},"30":{"start":{"line":67,"column":35},"end":{"line":67,"column":56}},"31":{"start":{"line":79,"column":4},"end":{"line":79,"column":17}},"32":{"start":{"line":83,"column":12},"end":{"line":83,"column":19}},"33":{"start":{"line":85,"column":24},"end":{"line":100,"column":1}},"34":{"start":{"line":85,"column":30},"end":{"line":100,"column":1}},"35":{"start":{"line":86,"column":24},"end":{"line":86,"column":48}},"36":{"start":{"line":88,"column":24},"end":{"line":88,"column":67}},"37":{"start":{"line":90,"column":2},"end":{"line":99,"column":3}},"38":{"start":{"line":91,"column":4},"end":{"line":98,"column":6}},"39":{"start":{"line":101,"column":22},"end":{"line":107,"column":4}},"40":{"start":{"line":102,"column":2},"end":{"line":107,"column":4}},"41":{"start":{"line":109,"column":26},"end":{"line":115,"column":4}},"42":{"start":{"line":110,"column":2},"end":{"line":115,"column":4}},"43":{"start":{"line":117,"column":28},"end":{"line":123,"column":4}},"44":{"start":{"line":118,"column":2},"end":{"line":123,"column":4}}},"fnMap":{"0":{"name":"(anonymous_0)","decl":{"start":{"line":16,"column":19},"end":{"line":16,"column":20}},"loc":{"start":{"line":16,"column":37},"end":{"line":18,"column":5}},"line":16},"1":{"name":"(anonymous_1)","decl":{"start":{"line":19,"column":23},"end":{"line":19,"column":24}},"loc":{"start":{"line":19,"column":41},"end":{"line":21,"column":5}},"line":19},"2":{"name":"(anonymous_2)","decl":{"start":{"line":22,"column":18},"end":{"line":22,"column":19}},"loc":{"start":{"line":22,"column":36},"end":{"line":26,"column":5}},"line":22},"3":{"name":"(anonymous_3)","decl":{"start":{"line":27,"column":14},"end":{"line":27,"column":15}},"loc":{"start":{"line":27,"column":32},"end":{"line":29,"column":5}},"line":27},"4":{"name":"(anonymous_4)","decl":{"start":{"line":31,"column":16},"end":{"line":31,"column":17}},"loc":{"start":{"line":31,"column":34},"end":{"line":34,"column":5}},"line":31},"5":{"name":"(anonymous_5)","decl":{"start":{"line":32,"column":35},"end":{"line":32,"column":36}},"loc":{"start":{"line":32,"column":44},"end":{"line":32,"column":72}},"line":32},"6":{"name":"(anonymous_6)","decl":{"start":{"line":36,"column":23},"end":{"line":36,"column":24}},"loc":{"start":{"line":36,"column":41},"end":{"line":40,"column":5}},"line":36},"7":{"name":"(anonymous_7)","decl":{"start":{"line":38,"column":40},"end":{"line":38,"column":41}},"loc":{"start":{"line":38,"column":49},"end":{"line":38,"column":65}},"line":38},"8":{"name":"(anonymous_8)","decl":{"start":{"line":42,"column":17},"end":{"line":42,"column":18}},"loc":{"start":{"line":42,"column":35},"end":{"line":45,"column":5}},"line":42},"9":{"name":"(anonymous_9)","decl":{"start":{"line":43,"column":40},"end":{"line":43,"column":41}},"loc":{"start":{"line":43,"column":49},"end":{"line":43,"column":77}},"line":43},"10":{"name":"(anonymous_10)","decl":{"start":{"line":47,"column":16},"end":{"line":47,"column":17}},"loc":{"start":{"line":47,"column":34},"end":{"line":50,"column":5}},"line":47},"11":{"name":"(anonymous_11)","decl":{"start":{"line":48,"column":40},"end":{"line":48,"column":41}},"loc":{"start":{"line":48,"column":49},"end":{"line":48,"column":77}},"line":48},"12":{"name":"(anonymous_12)","decl":{"start":{"line":59,"column":2},"end":{"line":59,"column":3}},"loc":{"start":{"line":59,"column":13},"end":{"line":59,"column":32}},"line":59},"13":{"name":"(anonymous_13)","decl":{"start":{"line":60,"column":2},"end":{"line":60,"column":3}},"loc":{"start":{"line":60,"column":13},"end":{"line":60,"column":36}},"line":60},"14":{"name":"(anonymous_14)","decl":{"start":{"line":61,"column":2},"end":{"line":61,"column":3}},"loc":{"start":{"line":61,"column":22},"end":{"line":61,"column":62}},"line":61},"15":{"name":"(anonymous_15)","decl":{"start":{"line":61,"column":39},"end":{"line":61,"column":40}},"loc":{"start":{"line":61,"column":48},"end":{"line":61,"column":61}},"line":61},"16":{"name":"(anonymous_16)","decl":{"start":{"line":64,"column":29},"end":{"line":64,"column":30}},"loc":{"start":{"line":65,"column":2},"end":{"line":68,"column":3}},"line":65},"17":{"name":"(anonymous_17)","decl":{"start":{"line":66,"column":4},"end":{"line":66,"column":5}},"loc":{"start":{"line":66,"column":15},"end":{"line":66,"column":34}},"line":66},"18":{"name":"(anonymous_18)","decl":{"start":{"line":67,"column":4},"end":{"line":67,"column":5}},"loc":{"start":{"line":67,"column":14},"end":{"line":67,"column":57}},"line":67},"19":{"name":"(anonymous_19)","decl":{"start":{"line":67,"column":26},"end":{"line":67,"column":27}},"loc":{"start":{"line":67,"column":35},"end":{"line":67,"column":56}},"line":67},"20":{"name":"(anonymous_20)","decl":{"start":{"line":85,"column":24},"end":{"line":85,"column":25}},"loc":{"start":{"line":85,"column":30},"end":{"line":100,"column":1}},"line":85},"21":{"name":"(anonymous_21)","decl":{"start":{"line":85,"column":30},"end":{"line":85,"column":31}},"loc":{"start":{"line":85,"column":54},"end":{"line":100,"column":1}},"line":85},"22":{"name":"(anonymous_22)","decl":{"start":{"line":101,"column":22},"end":{"line":101,"column":23}},"loc":{"start":{"line":102,"column":2},"end":{"line":107,"column":4}},"line":102},"23":{"name":"(anonymous_23)","decl":{"start":{"line":109,"column":26},"end":{"line":109,"column":27}},"loc":{"start":{"line":110,"column":2},"end":{"line":115,"column":4}},"line":110},"24":{"name":"(anonymous_24)","decl":{"start":{"line":117,"column":28},"end":{"line":117,"column":29}},"loc":{"start":{"line":118,"column":2},"end":{"line":123,"column":4}},"line":118}},"branchMap":{"0":{"loc":{"start":{"line":90,"column":2},"end":{"line":99,"column":3}},"type":"if","locations":[{"start":{"line":90,"column":2},"end":{"line":99,"column":3}},{"start":{},"end":{}}],"line":90},"1":{"loc":{"start":{"line":90,"column":6},"end":{"line":90,"column":43}},"type":"binary-expr","locations":[{"start":{"line":90,"column":6},"end":{"line":90,"column":20}},{"start":{"line":90,"column":24},"end":{"line":90,"column":43}}],"line":90}},"s":{"0":1,"1":1,"2":6,"3":1,"4":5,"5":5,"6":5,"7":5,"8":0,"9":0,"10":0,"11":1,"12":1,"13":1,"14":1,"15":1,"16":1,"17":1,"18":0,"19":0,"20":0,"21":1,"22":1,"23":1,"24":1,"25":3,"26":1,"27":0,"28":0,"29":0,"30":0,"31":1,"32":1,"33":1,"34":6,"35":6,"36":6,"37":6,"38":6,"39":1,"40":6,"41":1,"42":2,"43":1,"44":2},"f":{"0":6,"1":1,"2":5,"3":5,"4":0,"5":0,"6":1,"7":1,"8":1,"9":1,"10":0,"11":0,"12":1,"13":1,"14":1,"15":3,"16":0,"17":0,"18":0,"19":0,"20":6,"21":6,"22":6,"23":2,"24":2},"b":{"0":[6,0],"1":[6,0]},"_coverageSchema":"1a1c01bbd47fc00a2c39e90264f33305004495a9","hash":"09260342cdb5a5f87b761dbecbe2180c69863738"}
,"/home/ankit/Codes/redux/src/store/configStore.js": {"path":"/home/ankit/Codes/redux/src/store/configStore.js","statementMap":{"0":{"start":{"line":9,"column":2},"end":{"line":17,"column":5}}},"fnMap":{"0":{"name":"configStore","decl":{"start":{"line":8,"column":24},"end":{"line":8,"column":35}},"loc":{"start":{"line":8,"column":38},"end":{"line":18,"column":1}},"line":8}},"branchMap":{},"s":{"0":12},"f":{"0":12},"b":{},"_coverageSchema":"1a1c01bbd47fc00a2c39e90264f33305004495a9","hash":"c60757025d597a8b1977522cb56d0cfb843ed71c"}
,"/home/ankit/Codes/redux/src/store/entities.js": {"path":"/home/ankit/Codes/redux/src/store/entities.js","statementMap":{},"fnMap":{},"branchMap":{},"s":{},"f":{},"b":{},"_coverageSchema":"1a1c01bbd47fc00a2c39e90264f33305004495a9","hash":"7a74e3fa83100a522c27e23c1615587b18fd4fc7"}
,"/home/ankit/Codes/redux/src/store/projects.js": {"path":"/home/ankit/Codes/redux/src/store/projects.js","statementMap":{"0":{"start":{"line":3,"column":13},"end":{"line":3,"column":14}},"1":{"start":{"line":5,"column":14},"end":{"line":23,"column":2}},"2":{"start":{"line":10,"column":6},"end":{"line":13,"column":9}},"3":{"start":{"line":17,"column":20},"end":{"line":19,"column":7}},"4":{"start":{"line":18,"column":21},"end":{"line":18,"column":53}},"5":{"start":{"line":20,"column":6},"end":{"line":20,"column":32}},"6":{"start":{"line":25,"column":48},"end":{"line":25,"column":61}}},"fnMap":{"0":{"name":"(anonymous_0)","decl":{"start":{"line":9,"column":18},"end":{"line":9,"column":19}},"loc":{"start":{"line":9,"column":40},"end":{"line":14,"column":5}},"line":9},"1":{"name":"(anonymous_1)","decl":{"start":{"line":16,"column":20},"end":{"line":16,"column":21}},"loc":{"start":{"line":16,"column":42},"end":{"line":21,"column":5}},"line":16},"2":{"name":"(anonymous_2)","decl":{"start":{"line":18,"column":8},"end":{"line":18,"column":9}},"loc":{"start":{"line":18,"column":21},"end":{"line":18,"column":53}},"line":18}},"branchMap":{},"s":{"0":1,"1":1,"2":0,"3":0,"4":0,"5":0,"6":1},"f":{"0":0,"1":0,"2":0},"b":{},"_coverageSchema":"1a1c01bbd47fc00a2c39e90264f33305004495a9","hash":"478bd07b852aa077c019c37d177004ee2d2dea4f"}
,"/home/ankit/Codes/redux/src/store/reducers.js": {"path":"/home/ankit/Codes/redux/src/store/reducers.js","statementMap":{},"fnMap":{},"branchMap":{},"s":{},"f":{},"b":{},"_coverageSchema":"1a1c01bbd47fc00a2c39e90264f33305004495a9","hash":"ab0ff808bf25667230f0776cbc7100e99f9d41cf"}
,"/home/ankit/Codes/redux/src/store/users.js": {"path":"/home/ankit/Codes/redux/src/store/users.js","statementMap":{"0":{"start":{"line":4,"column":13},"end":{"line":4,"column":14}},"1":{"start":{"line":6,"column":14},"end":{"line":21,"column":2}},"2":{"start":{"line":11,"column":6},"end":{"line":14,"column":9}},"3":{"start":{"line":17,"column":20},"end":{"line":17,"column":76}},"4":{"start":{"line":17,"column":46},"end":{"line":17,"column":75}},"5":{"start":{"line":18,"column":6},"end":{"line":18,"column":44}},"6":{"start":{"line":23,"column":31},"end":{"line":26,"column":1}},"7":{"start":{"line":24,"column":13},"end":{"line":24,"column":33}},"8":{"start":{"line":25,"column":13},"end":{"line":25,"column":63}},"9":{"start":{"line":25,"column":37},"end":{"line":25,"column":61}},"10":{"start":{"line":28,"column":41},"end":{"line":28,"column":54}}},"fnMap":{"0":{"name":"(anonymous_0)","decl":{"start":{"line":10,"column":15},"end":{"line":10,"column":16}},"loc":{"start":{"line":10,"column":34},"end":{"line":15,"column":5}},"line":10},"1":{"name":"(anonymous_1)","decl":{"start":{"line":16,"column":16},"end":{"line":16,"column":17}},"loc":{"start":{"line":16,"column":35},"end":{"line":19,"column":5}},"line":16},"2":{"name":"(anonymous_2)","decl":{"start":{"line":17,"column":36},"end":{"line":17,"column":37}},"loc":{"start":{"line":17,"column":46},"end":{"line":17,"column":75}},"line":17},"3":{"name":"(anonymous_3)","decl":{"start":{"line":24,"column":2},"end":{"line":24,"column":3}},"loc":{"start":{"line":24,"column":13},"end":{"line":24,"column":33}},"line":24},"4":{"name":"(anonymous_4)","decl":{"start":{"line":25,"column":2},"end":{"line":25,"column":3}},"loc":{"start":{"line":25,"column":13},"end":{"line":25,"column":63}},"line":25},"5":{"name":"(anonymous_5)","decl":{"start":{"line":25,"column":26},"end":{"line":25,"column":27}},"loc":{"start":{"line":25,"column":37},"end":{"line":25,"column":61}},"line":25}},"branchMap":{"0":{"loc":{"start":{"line":25,"column":37},"end":{"line":25,"column":61}},"type":"cond-expr","locations":[{"start":{"line":25,"column":48},"end":{"line":25,"column":56}},{"start":{"line":25,"column":59},"end":{"line":25,"column":61}}],"line":25}},"s":{"0":1,"1":1,"2":0,"3":0,"4":0,"5":0,"6":1,"7":0,"8":0,"9":0,"10":1},"f":{"0":0,"1":0,"2":0,"3":0,"4":0,"5":0},"b":{"0":[0,0]},"_coverageSchema":"1a1c01bbd47fc00a2c39e90264f33305004495a9","hash":"7b3e18b85e92f07d32a0230efeb825e78326db2d"}
,"/home/ankit/Codes/redux/src/store/middleware/api.js": {"path":"/home/ankit/Codes/redux/src/store/middleware/api.js","statementMap":{"0":{"start":{"line":5,"column":2},"end":{"line":54,"column":3}},"1":{"start":{"line":6,"column":2},"end":{"line":54,"column":3}},"2":{"start":{"line":7,"column":2},"end":{"line":54,"column":3}},"3":{"start":{"line":8,"column":4},"end":{"line":8,"column":71}},"4":{"start":{"line":8,"column":51},"end":{"line":8,"column":71}},"5":{"start":{"line":10,"column":63},"end":{"line":10,"column":77}},"6":{"start":{"line":12,"column":4},"end":{"line":12,"column":43}},"7":{"start":{"line":14,"column":4},"end":{"line":14,"column":17}},"8":{"start":{"line":16,"column":4},"end":{"line":33,"column":5}},"9":{"start":{"line":17,"column":23},"end":{"line":22,"column":8}},"10":{"start":{"line":24,"column":6},"end":{"line":24,"column":54}},"11":{"start":{"line":26,"column":6},"end":{"line":26,"column":75}},"12":{"start":{"line":26,"column":21},"end":{"line":26,"column":75}},"13":{"start":{"line":30,"column":6},"end":{"line":30,"column":51}},"14":{"start":{"line":32,"column":6},"end":{"line":32,"column":69}},"15":{"start":{"line":32,"column":19},"end":{"line":32,"column":69}}},"fnMap":{"0":{"name":"(anonymous_0)","decl":{"start":{"line":5,"column":2},"end":{"line":5,"column":3}},"loc":{"start":{"line":6,"column":2},"end":{"line":54,"column":3}},"line":6},"1":{"name":"(anonymous_1)","decl":{"start":{"line":6,"column":2},"end":{"line":6,"column":3}},"loc":{"start":{"line":7,"column":2},"end":{"line":54,"column":3}},"line":7},"2":{"name":"(anonymous_2)","decl":{"start":{"line":7,"column":2},"end":{"line":7,"column":3}},"loc":{"start":{"line":7,"column":20},"end":{"line":54,"column":3}},"line":7}},"branchMap":{"0":{"loc":{"start":{"line":8,"column":4},"end":{"line":8,"column":71}},"type":"if","locations":[{"start":{"line":8,"column":4},"end":{"line":8,"column":71}},{"start":{},"end":{}}],"line":8},"1":{"loc":{"start":{"line":12,"column":4},"end":{"line":12,"column":42}},"type":"binary-expr","locations":[{"start":{"line":12,"column":4},"end":{"line":12,"column":11}},{"start":{"line":12,"column":15},"end":{"line":12,"column":42}}],"line":12},"2":{"loc":{"start":{"line":26,"column":6},"end":{"line":26,"column":75}},"type":"if","locations":[{"start":{"line":26,"column":6},"end":{"line":26,"column":75}},{"start":{},"end":{}}],"line":26},"3":{"loc":{"start":{"line":32,"column":6},"end":{"line":32,"column":69}},"type":"if","locations":[{"start":{"line":32,"column":6},"end":{"line":32,"column":69}},{"start":{},"end":{}}],"line":32}},"s":{"0":1,"1":12,"2":12,"3":51,"4":35,"5":16,"6":16,"7":16,"8":16,"9":16,"10":12,"11":12,"12":12,"13":4,"14":4,"15":1},"f":{"0":12,"1":12,"2":51},"b":{"0":[35,16],"1":[16,6],"2":[12,0],"3":[1,3]},"_coverageSchema":"1a1c01bbd47fc00a2c39e90264f33305004495a9","hash":"9f622fc6712f8055bdcb4f797d817315c240dcd2"}
,"/home/ankit/Codes/redux/src/store/middleware/logger.js": {"path":"/home/ankit/Codes/redux/src/store/middleware/logger.js","statementMap":{"0":{"start":{"line":1,"column":15},"end":{"line":11,"column":1}},"1":{"start":{"line":1,"column":26},"end":{"line":11,"column":1}},"2":{"start":{"line":1,"column":37},"end":{"line":11,"column":1}},"3":{"start":{"line":1,"column":47},"end":{"line":11,"column":1}},"4":{"start":{"line":6,"column":2},"end":{"line":6,"column":22}}},"fnMap":{"0":{"name":"(anonymous_0)","decl":{"start":{"line":1,"column":15},"end":{"line":1,"column":16}},"loc":{"start":{"line":1,"column":26},"end":{"line":11,"column":1}},"line":1},"1":{"name":"(anonymous_1)","decl":{"start":{"line":1,"column":26},"end":{"line":1,"column":27}},"loc":{"start":{"line":1,"column":37},"end":{"line":11,"column":1}},"line":1},"2":{"name":"(anonymous_2)","decl":{"start":{"line":1,"column":37},"end":{"line":1,"column":38}},"loc":{"start":{"line":1,"column":47},"end":{"line":11,"column":1}},"line":1},"3":{"name":"(anonymous_3)","decl":{"start":{"line":1,"column":47},"end":{"line":1,"column":48}},"loc":{"start":{"line":1,"column":59},"end":{"line":11,"column":1}},"line":1}},"branchMap":{},"s":{"0":1,"1":12,"2":12,"3":12,"4":51},"f":{"0":12,"1":12,"2":12,"3":51},"b":{},"_coverageSchema":"1a1c01bbd47fc00a2c39e90264f33305004495a9","hash":"ee2393fb64781a7684303b3eda2cf218608ae3e6"}
,"/home/ankit/Codes/redux/src/store/middleware/toast.js": {"path":"/home/ankit/Codes/redux/src/store/middleware/toast.js","statementMap":{"0":{"start":{"line":1,"column":14},"end":{"line":5,"column":1}},"1":{"start":{"line":1,"column":25},"end":{"line":5,"column":1}},"2":{"start":{"line":1,"column":35},"end":{"line":5,"column":1}},"3":{"start":{"line":2,"column":2},"end":{"line":4,"column":29}},"4":{"start":{"line":3,"column":4},"end":{"line":3,"column":53}},"5":{"start":{"line":4,"column":9},"end":{"line":4,"column":29}}},"fnMap":{"0":{"name":"(anonymous_0)","decl":{"start":{"line":1,"column":14},"end":{"line":1,"column":15}},"loc":{"start":{"line":1,"column":25},"end":{"line":5,"column":1}},"line":1},"1":{"name":"(anonymous_1)","decl":{"start":{"line":1,"column":25},"end":{"line":1,"column":26}},"loc":{"start":{"line":1,"column":35},"end":{"line":5,"column":1}},"line":1},"2":{"name":"(anonymous_2)","decl":{"start":{"line":1,"column":35},"end":{"line":1,"column":36}},"loc":{"start":{"line":1,"column":47},"end":{"line":5,"column":1}},"line":1}},"branchMap":{"0":{"loc":{"start":{"line":2,"column":2},"end":{"line":4,"column":29}},"type":"if","locations":[{"start":{"line":2,"column":2},"end":{"line":4,"column":29}},{"start":{"line":4,"column":9},"end":{"line":4,"column":29}}],"line":2}},"s":{"0":1,"1":12,"2":12,"3":51,"4":0,"5":51},"f":{"0":12,"1":12,"2":51},"b":{"0":[0,51]},"_coverageSchema":"1a1c01bbd47fc00a2c39e90264f33305004495a9","hash":"eb526304d1d844bff81b8a02738f206e3ab9cb5d"}
}
