TN:
SF:src/math.js
FN:1,(anonymous_0)
FNF:1
FNH:1
FNDA:2,(anonymous_0)
DA:1,2
LF:1
LH:1
BRF:0
BRH:0
end_of_record
TN:
SF:src/store/api.js
FNF:0
FNH:0
DA:3,1
DA:4,1
DA:5,1
LF:3
LH:3
BRF:0
BRH:0
end_of_record
TN:
SF:src/store/bugs.js
FN:16,(anonymous_0)
FN:19,(anonymous_1)
FN:22,(anonymous_2)
FN:27,(anonymous_3)
FN:31,(anonymous_4)
FN:32,(anonymous_5)
FN:36,(anonymous_6)
FN:38,(anonymous_7)
FN:42,(anonymous_8)
FN:43,(anonymous_9)
FN:47,(anonymous_10)
FN:48,(anonymous_11)
FN:59,(anonymous_12)
FN:60,(anonymous_13)
FN:61,(anonymous_14)
FN:61,(anonymous_15)
FN:64,(anonymous_16)
FN:66,(anonymous_17)
FN:67,(anonymous_18)
FN:67,(anonymous_19)
FN:85,(anonymous_20)
FN:85,(anonymous_21)
FN:101,(anonymous_22)
FN:109,(anonymous_23)
FN:117,(anonymous_24)
FNF:25
FNH:17
FNDA:6,(anonymous_0)
FNDA:1,(anonymous_1)
FNDA:5,(anonymous_2)
FNDA:5,(anonymous_3)
FNDA:0,(anonymous_4)
FNDA:0,(anonymous_5)
FNDA:1,(anonymous_6)
FNDA:1,(anonymous_7)
FNDA:1,(anonymous_8)
FNDA:1,(anonymous_9)
FNDA:0,(anonymous_10)
FNDA:0,(anonymous_11)
FNDA:1,(anonymous_12)
FNDA:1,(anonymous_13)
FNDA:1,(anonymous_14)
FNDA:3,(anonymous_15)
FNDA:0,(anonymous_16)
FNDA:0,(anonymous_17)
FNDA:0,(anonymous_18)
FNDA:0,(anonymous_19)
FNDA:6,(anonymous_20)
FNDA:6,(anonymous_21)
FNDA:6,(anonymous_22)
FNDA:2,(anonymous_23)
FNDA:2,(anonymous_24)
DA:6,1
DA:8,1
DA:17,6
DA:20,1
DA:23,5
DA:24,5
DA:25,5
DA:28,5
DA:32,0
DA:33,0
DA:37,1
DA:38,1
DA:39,1
DA:43,1
DA:44,1
DA:48,0
DA:49,0
DA:58,1
DA:59,1
DA:60,1
DA:61,3
DA:64,1
DA:65,0
DA:66,0
DA:67,0
DA:79,1
DA:83,1
DA:85,6
DA:86,6
DA:88,6
DA:90,6
DA:91,6
DA:101,1
DA:102,6
DA:109,1
DA:110,2
DA:117,1
DA:118,2
LF:38
LH:31
BRDA:90,0,0,6
BRDA:90,0,1,0
BRDA:90,1,0,6
BRDA:90,1,1,0
BRF:4
BRH:2
end_of_record
TN:
SF:src/store/configStore.js
FN:8,configStore
FNF:1
FNH:1
FNDA:12,configStore
DA:9,12
LF:1
LH:1
BRF:0
BRH:0
end_of_record
TN:
SF:src/store/entities.js
FNF:0
FNH:0
LF:0
LH:0
BRF:0
BRH:0
end_of_record
TN:
SF:src/store/projects.js
FN:9,(anonymous_0)
FN:16,(anonymous_1)
FN:18,(anonymous_2)
FNF:3
FNH:0
FNDA:0,(anonymous_0)
FNDA:0,(anonymous_1)
FNDA:0,(anonymous_2)
DA:3,1
DA:5,1
DA:10,0
DA:17,0
DA:18,0
DA:20,0
DA:25,1
LF:7
LH:3
BRF:0
BRH:0
end_of_record
TN:
SF:src/store/reducers.js
FNF:0
FNH:0
LF:0
LH:0
BRF:0
BRH:0
end_of_record
TN:
SF:src/store/users.js
FN:10,(anonymous_0)
FN:16,(anonymous_1)
FN:17,(anonymous_2)
FN:24,(anonymous_3)
FN:25,(anonymous_4)
FN:25,(anonymous_5)
FNF:6
FNH:0
FNDA:0,(anonymous_0)
FNDA:0,(anonymous_1)
FNDA:0,(anonymous_2)
FNDA:0,(anonymous_3)
FNDA:0,(anonymous_4)
FNDA:0,(anonymous_5)
DA:4,1
DA:6,1
DA:11,0
DA:17,0
DA:18,0
DA:23,1
DA:24,0
DA:25,0
DA:28,1
LF:9
LH:4
BRDA:25,0,0,0
BRDA:25,0,1,0
BRF:2
BRH:0
end_of_record
TN:
SF:src/store/middleware/api.js
FN:5,(anonymous_0)
FN:6,(anonymous_1)
FN:7,(anonymous_2)
FNF:3
FNH:3
FNDA:12,(anonymous_0)
FNDA:12,(anonymous_1)
FNDA:51,(anonymous_2)
DA:5,1
DA:6,12
DA:7,12
DA:8,51
DA:10,16
DA:12,16
DA:14,16
DA:16,16
DA:17,16
DA:24,12
DA:26,12
DA:30,4
DA:32,4
LF:13
LH:13
BRDA:8,0,0,35
BRDA:8,0,1,16
BRDA:12,1,0,16
BRDA:12,1,1,6
BRDA:26,2,0,12
BRDA:26,2,1,0
BRDA:32,3,0,1
BRDA:32,3,1,3
BRF:8
BRH:7
end_of_record
TN:
SF:src/store/middleware/logger.js
FN:1,(anonymous_0)
FN:1,(anonymous_1)
FN:1,(anonymous_2)
FN:1,(anonymous_3)
FNF:4
FNH:4
FNDA:12,(anonymous_0)
FNDA:12,(anonymous_1)
FNDA:12,(anonymous_2)
FNDA:51,(anonymous_3)
DA:1,12
DA:6,51
LF:2
LH:2
BRF:0
BRH:0
end_of_record
TN:
SF:src/store/middleware/toast.js
FN:1,(anonymous_0)
FN:1,(anonymous_1)
FN:1,(anonymous_2)
FNF:3
FNH:3
FNDA:12,(anonymous_0)
FNDA:12,(anonymous_1)
FNDA:51,(anonymous_2)
DA:1,12
DA:2,51
DA:3,0
DA:4,51
LF:4
LH:3
BRDA:2,0,0,0
BRDA:2,0,1,51
BRF:2
BRH:1
end_of_record
